2024-11-16 01:49:38 - INFO - Server started
2024-11-16 01:50:57 - INFO - Client connected: 0HfKmtWD7fl9wHpvAAAB
2024-11-16 01:50:59 - INFO - Client connected: 489NdQZudkAaGlo7AAAD
2024-11-16 01:51:03 - INFO - setNbPlayerPerTeam
2024-11-16 01:51:03 - INFO - size: 1
2024-11-16 01:51:03 - INFO - size: 2
2024-11-16 01:51:06 - INFO - Player 0HfKmtWD7fl9wHpvAAAB, ben has chosen 1 as their team and captain as their role.
2024-11-16 01:51:06 - INFO - sendPlayerLists
2024-11-16 01:51:16 - INFO - Player 489NdQZudkAaGlo7AAAD, neb has chosen 2 as their team and captain as their role.
2024-11-16 01:51:16 - INFO - sendPlayerLists
2024-11-16 01:51:29 - INFO - Starting game 2597 in launchGame
2024-11-16 01:51:29 - INFO - En attente que tous les joueurs soient prêts pour la partie 2597
2024-11-16 01:51:29 - INFO - GameStarted 2597
2024-11-16 01:51:29 - INFO - addNbPlayerConnected
2024-11-16 01:51:29 - INFO - Game 2597 not started because not enough players connected, 1 / 2
2024-11-16 01:51:29 - INFO - GameStarted 2597
2024-11-16 01:51:29 - INFO - addNbPlayerConnected
2024-11-16 01:51:29 - INFO - sendGameData
2024-11-16 01:51:29 - INFO - Sending gameData: {'team1': {'TeamId': 1, 'Name': "L'equipage du chapeau de paille", 'MaxNbPlayer': 1, 'NbPlayer': 1, 'Boat': {'x': 0, 'y': 0, 'z': 0}, 'Cannon': {'x': 0, 'y': 0, 'z': 0}, 'Player': {'0HfKmtWD7fl9wHpvAAAB': {'id': '0HfKmtWD7fl9wHpvAAAB', 'role': 'captain', 'name': 'ben'}}, 'IsFull': True}, 'team2': {'TeamId': 2, 'Name': "L'equipage de Barbe-Noire", 'MaxNbPlayer': 1, 'NbPlayer': 1, 'Boat': {'x': 0, 'y': 0, 'z': 0}, 'Cannon': {'x': 0, 'y': 0, 'z': 0}, 'Player': {'489NdQZudkAaGlo7AAAD': {'id': '489NdQZudkAaGlo7AAAD', 'role': 'captain', 'name': 'neb'}}, 'IsFull': True}}
2024-11-16 01:51:29 - INFO - Démarrage de la partie 2597 avec 2 joueurs
2024-11-16 01:51:30 - INFO - ClientData 2597
2024-11-16 01:51:30 - INFO - ClientData 2597
2024-11-16 01:51:46 - INFO - Nouvelle vitesse de la balle: 0.22000000000000003
2024-11-16 01:52:28 - INFO - Nouvelle vitesse de la balle: 0.22000000000000003
2024-11-16 01:52:43 - INFO - Nouvelle vitesse de la balle: 0.24200000000000005
2024-11-16 01:52:56 - INFO - Nouvelle vitesse de la balle: 0.26620000000000005
2024-11-16 01:53:01 - INFO - Client disconnected: 0HfKmtWD7fl9wHpvAAAB
2024-11-16 01:53:01 - INFO - removeNbPlayerConnected
2024-11-16 01:53:01 - INFO - 192.168.1.84 [16/Nov/2024:01:50:57 +0000] "GET /socket.io/?EIO=4&transport=websocket HTTP/1.1" 101 0 "-" "Mozilla/5.0 (X11; Linux x86_64) AppleWebKit/537.36 (KHTML, like Gecko) Chrome/128.0.0.0 Safari/537.36"
2024-11-16 01:53:01 - INFO - Client connected: EfwWW9OYQW3htQNDAAAF
2024-11-16 01:53:03 - INFO - Client disconnected: 489NdQZudkAaGlo7AAAD
2024-11-16 01:53:03 - INFO - removeNbPlayerConnected
2024-11-16 01:53:03 - INFO - Closing room 2597 because no player is connected
2024-11-16 01:53:03 - INFO - 192.168.1.84 [16/Nov/2024:01:50:59 +0000] "GET /socket.io/?EIO=4&transport=websocket HTTP/1.1" 101 0 "-" "Mozilla/5.0 (X11; Linux x86_64) AppleWebKit/537.36 (KHTML, like Gecko) Chrome/128.0.0.0 Safari/537.36"
2024-11-16 01:53:03 - INFO - Partie 2597 terminée
2024-11-16 01:53:03 - INFO - Client connected: enyFVLgQKOn3f049AAAH
